mode: set
github.com/Shahlojon/wallet/pkg/wallet/service.go:34.31,36.2 1 0
github.com/Shahlojon/wallet/pkg/wallet/service.go:38.78,39.37 1 1
github.com/Shahlojon/wallet/pkg/wallet/service.go:44.2,52.21 4 1
github.com/Shahlojon/wallet/pkg/wallet/service.go:39.37,40.29 1 1
github.com/Shahlojon/wallet/pkg/wallet/service.go:40.29,42.4 1 0
github.com/Shahlojon/wallet/pkg/wallet/service.go:55.70,56.17 1 1
github.com/Shahlojon/wallet/pkg/wallet/service.go:60.2,61.33 2 1
github.com/Shahlojon/wallet/pkg/wallet/service.go:68.2,68.20 1 1
github.com/Shahlojon/wallet/pkg/wallet/service.go:72.2,73.12 2 1
github.com/Shahlojon/wallet/pkg/wallet/service.go:56.17,58.3 1 0
github.com/Shahlojon/wallet/pkg/wallet/service.go:61.33,62.26 1 1
github.com/Shahlojon/wallet/pkg/wallet/service.go:62.26,64.9 2 1
github.com/Shahlojon/wallet/pkg/wallet/service.go:68.20,70.3 1 0
github.com/Shahlojon/wallet/pkg/wallet/service.go:76.116,77.17 1 1
github.com/Shahlojon/wallet/pkg/wallet/service.go:81.2,82.33 2 1
github.com/Shahlojon/wallet/pkg/wallet/service.go:88.2,88.20 1 1
github.com/Shahlojon/wallet/pkg/wallet/service.go:92.2,92.30 1 1
github.com/Shahlojon/wallet/pkg/wallet/service.go:96.2,106.21 5 1
github.com/Shahlojon/wallet/pkg/wallet/service.go:77.17,79.3 1 0
github.com/Shahlojon/wallet/pkg/wallet/service.go:82.33,83.26 1 1
github.com/Shahlojon/wallet/pkg/wallet/service.go:83.26,85.9 2 1
github.com/Shahlojon/wallet/pkg/wallet/service.go:88.20,90.3 1 0
github.com/Shahlojon/wallet/pkg/wallet/service.go:92.30,94.3 1 0
github.com/Shahlojon/wallet/pkg/wallet/service.go:109.76,111.38 2 1
github.com/Shahlojon/wallet/pkg/wallet/service.go:118.2,118.20 1 1
github.com/Shahlojon/wallet/pkg/wallet/service.go:122.2,122.21 1 1
github.com/Shahlojon/wallet/pkg/wallet/service.go:111.38,112.31 1 1
github.com/Shahlojon/wallet/pkg/wallet/service.go:112.31,114.9 2 1
github.com/Shahlojon/wallet/pkg/wallet/service.go:118.20,120.3 1 1
github.com/Shahlojon/wallet/pkg/wallet/service.go:126.50,128.16 2 1
github.com/Shahlojon/wallet/pkg/wallet/service.go:132.2,134.16 2 1
github.com/Shahlojon/wallet/pkg/wallet/service.go:138.2,140.12 3 1
github.com/Shahlojon/wallet/pkg/wallet/service.go:128.16,130.3 1 1
github.com/Shahlojon/wallet/pkg/wallet/service.go:134.16,136.3 1 0
github.com/Shahlojon/wallet/pkg/wallet/service.go:144.77,145.37 1 1
github.com/Shahlojon/wallet/pkg/wallet/service.go:150.2,150.32 1 1
github.com/Shahlojon/wallet/pkg/wallet/service.go:145.37,146.30 1 1
github.com/Shahlojon/wallet/pkg/wallet/service.go:146.30,148.4 1 1
github.com/Shahlojon/wallet/pkg/wallet/service.go:158.44,160.2 1 1
github.com/Shahlojon/wallet/pkg/wallet/service.go:182.106,185.16 2 1
github.com/Shahlojon/wallet/pkg/wallet/service.go:190.2,191.16 2 1
github.com/Shahlojon/wallet/pkg/wallet/service.go:197.2,198.40 2 1
github.com/Shahlojon/wallet/pkg/wallet/service.go:205.2,205.31 1 1
github.com/Shahlojon/wallet/pkg/wallet/service.go:185.16,187.3 1 0
github.com/Shahlojon/wallet/pkg/wallet/service.go:191.16,193.3 1 0
github.com/Shahlojon/wallet/pkg/wallet/service.go:198.40,201.17 2 1
github.com/Shahlojon/wallet/pkg/wallet/service.go:201.17,203.4 1 0
github.com/Shahlojon/wallet/pkg/wallet/service.go:211.67,213.14 2 1
github.com/Shahlojon/wallet/pkg/wallet/service.go:217.2,218.14 2 1
github.com/Shahlojon/wallet/pkg/wallet/service.go:222.2,222.21 1 1
github.com/Shahlojon/wallet/pkg/wallet/service.go:213.14,215.3 1 0
github.com/Shahlojon/wallet/pkg/wallet/service.go:218.14,220.3 1 0
github.com/Shahlojon/wallet/pkg/wallet/service.go:225.91,227.16 2 1
github.com/Shahlojon/wallet/pkg/wallet/service.go:231.2,241.22 4 1
github.com/Shahlojon/wallet/pkg/wallet/service.go:227.16,229.3 1 0
github.com/Shahlojon/wallet/pkg/wallet/service.go:246.78,248.40 2 1
github.com/Shahlojon/wallet/pkg/wallet/service.go:255.2,255.21 1 1
github.com/Shahlojon/wallet/pkg/wallet/service.go:259.2,260.16 2 1
github.com/Shahlojon/wallet/pkg/wallet/service.go:264.2,264.17 1 1
github.com/Shahlojon/wallet/pkg/wallet/service.go:248.40,249.33 1 1
github.com/Shahlojon/wallet/pkg/wallet/service.go:249.33,251.9 2 1
github.com/Shahlojon/wallet/pkg/wallet/service.go:255.21,257.3 1 0
github.com/Shahlojon/wallet/pkg/wallet/service.go:260.16,262.3 1 0
github.com/Shahlojon/wallet/pkg/wallet/service.go:268.52,270.16 2 1
github.com/Shahlojon/wallet/pkg/wallet/service.go:275.2,275.16 1 1
github.com/Shahlojon/wallet/pkg/wallet/service.go:280.5,281.37 2 1
github.com/Shahlojon/wallet/pkg/wallet/service.go:291.2,292.14 2 1
github.com/Shahlojon/wallet/pkg/wallet/service.go:296.2,296.12 1 1
github.com/Shahlojon/wallet/pkg/wallet/service.go:270.16,273.3 2 0
github.com/Shahlojon/wallet/pkg/wallet/service.go:275.16,276.37 1 1
github.com/Shahlojon/wallet/pkg/wallet/service.go:276.37,278.4 1 0
github.com/Shahlojon/wallet/pkg/wallet/service.go:281.37,289.3 6 1
github.com/Shahlojon/wallet/pkg/wallet/service.go:292.14,295.3 2 0
github.com/Shahlojon/wallet/pkg/wallet/service.go:300.53,303.16 2 1
github.com/Shahlojon/wallet/pkg/wallet/service.go:307.2,307.14 1 1
github.com/Shahlojon/wallet/pkg/wallet/service.go:313.2,315.6 3 1
github.com/Shahlojon/wallet/pkg/wallet/service.go:328.2,335.35 4 1
github.com/Shahlojon/wallet/pkg/wallet/service.go:356.2,356.12 1 1
github.com/Shahlojon/wallet/pkg/wallet/service.go:303.16,306.3 2 0
github.com/Shahlojon/wallet/pkg/wallet/service.go:307.14,308.40 1 1
github.com/Shahlojon/wallet/pkg/wallet/service.go:308.40,310.4 1 0
github.com/Shahlojon/wallet/pkg/wallet/service.go:315.6,317.20 2 1
github.com/Shahlojon/wallet/pkg/wallet/service.go:321.3,321.15 1 1
github.com/Shahlojon/wallet/pkg/wallet/service.go:325.3,325.43 1 1
github.com/Shahlojon/wallet/pkg/wallet/service.go:317.20,318.9 1 1
github.com/Shahlojon/wallet/pkg/wallet/service.go:321.15,324.4 2 0
github.com/Shahlojon/wallet/pkg/wallet/service.go:335.35,339.15 3 1
github.com/Shahlojon/wallet/pkg/wallet/service.go:342.3,344.15 3 1
github.com/Shahlojon/wallet/pkg/wallet/service.go:347.3,354.21 3 1
github.com/Shahlojon/wallet/pkg/wallet/service.go:339.15,341.4 1 0
github.com/Shahlojon/wallet/pkg/wallet/service.go:344.15,346.4 1 0
github.com/Shahlojon/wallet/pkg/wallet/service.go:360.44,363.20 2 1
github.com/Shahlojon/wallet/pkg/wallet/service.go:394.2,396.20 2 1
github.com/Shahlojon/wallet/pkg/wallet/service.go:432.2,434.21 2 1
github.com/Shahlojon/wallet/pkg/wallet/service.go:467.2,467.12 1 1
github.com/Shahlojon/wallet/pkg/wallet/service.go:363.20,366.17 3 1
github.com/Shahlojon/wallet/pkg/wallet/service.go:371.3,371.17 1 1
github.com/Shahlojon/wallet/pkg/wallet/service.go:376.3,377.38 2 1
github.com/Shahlojon/wallet/pkg/wallet/service.go:387.3,388.15 2 1
github.com/Shahlojon/wallet/pkg/wallet/service.go:366.17,369.4 2 0
github.com/Shahlojon/wallet/pkg/wallet/service.go:371.17,372.38 1 1
github.com/Shahlojon/wallet/pkg/wallet/service.go:372.38,374.5 1 0
github.com/Shahlojon/wallet/pkg/wallet/service.go:377.38,385.4 6 1
github.com/Shahlojon/wallet/pkg/wallet/service.go:388.15,391.4 2 0
github.com/Shahlojon/wallet/pkg/wallet/service.go:396.20,400.17 3 0
github.com/Shahlojon/wallet/pkg/wallet/service.go:405.3,405.17 1 0
github.com/Shahlojon/wallet/pkg/wallet/service.go:410.3,411.38 2 0
github.com/Shahlojon/wallet/pkg/wallet/service.go:425.3,426.15 2 0
github.com/Shahlojon/wallet/pkg/wallet/service.go:400.17,403.4 2 0
github.com/Shahlojon/wallet/pkg/wallet/service.go:405.17,406.38 1 0
github.com/Shahlojon/wallet/pkg/wallet/service.go:406.38,408.5 1 0
github.com/Shahlojon/wallet/pkg/wallet/service.go:411.38,423.4 10 0
github.com/Shahlojon/wallet/pkg/wallet/service.go:426.15,429.4 2 0
github.com/Shahlojon/wallet/pkg/wallet/service.go:434.21,437.17 3 0
github.com/Shahlojon/wallet/pkg/wallet/service.go:442.3,442.17 1 0
github.com/Shahlojon/wallet/pkg/wallet/service.go:447.3,448.40 2 0
github.com/Shahlojon/wallet/pkg/wallet/service.go:461.3,462.15 2 0
github.com/Shahlojon/wallet/pkg/wallet/service.go:437.17,440.4 2 0
github.com/Shahlojon/wallet/pkg/wallet/service.go:442.17,443.38 1 0
github.com/Shahlojon/wallet/pkg/wallet/service.go:443.38,445.5 1 0
github.com/Shahlojon/wallet/pkg/wallet/service.go:448.40,460.4 10 0
github.com/Shahlojon/wallet/pkg/wallet/service.go:462.15,465.4 2 0
github.com/Shahlojon/wallet/pkg/wallet/service.go:472.44,476.16 3 1
github.com/Shahlojon/wallet/pkg/wallet/service.go:481.2,481.25 1 1
github.com/Shahlojon/wallet/pkg/wallet/service.go:536.2,539.16 3 1
github.com/Shahlojon/wallet/pkg/wallet/service.go:544.2,544.26 1 1
github.com/Shahlojon/wallet/pkg/wallet/service.go:602.2,605.16 3 1
github.com/Shahlojon/wallet/pkg/wallet/service.go:610.2,610.25 1 1
github.com/Shahlojon/wallet/pkg/wallet/service.go:666.2,666.12 1 1
github.com/Shahlojon/wallet/pkg/wallet/service.go:476.16,480.3 2 0
github.com/Shahlojon/wallet/pkg/wallet/service.go:481.25,482.15 1 1
github.com/Shahlojon/wallet/pkg/wallet/service.go:488.3,490.7 3 1
github.com/Shahlojon/wallet/pkg/wallet/service.go:504.3,512.36 4 1
github.com/Shahlojon/wallet/pkg/wallet/service.go:482.15,483.41 1 1
github.com/Shahlojon/wallet/pkg/wallet/service.go:483.41,485.5 1 0
github.com/Shahlojon/wallet/pkg/wallet/service.go:490.7,492.21 2 1
github.com/Shahlojon/wallet/pkg/wallet/service.go:496.4,496.16 1 1
github.com/Shahlojon/wallet/pkg/wallet/service.go:501.4,501.44 1 1
github.com/Shahlojon/wallet/pkg/wallet/service.go:492.21,493.10 1 1
github.com/Shahlojon/wallet/pkg/wallet/service.go:496.16,500.5 2 0
github.com/Shahlojon/wallet/pkg/wallet/service.go:512.36,517.16 3 1
github.com/Shahlojon/wallet/pkg/wallet/service.go:520.4,522.16 3 1
github.com/Shahlojon/wallet/pkg/wallet/service.go:525.4,532.48 2 1
github.com/Shahlojon/wallet/pkg/wallet/service.go:517.16,519.5 1 0
github.com/Shahlojon/wallet/pkg/wallet/service.go:522.16,524.5 1 0
github.com/Shahlojon/wallet/pkg/wallet/service.go:539.16,543.3 2 1
github.com/Shahlojon/wallet/pkg/wallet/service.go:544.26,545.15 1 0
github.com/Shahlojon/wallet/pkg/wallet/service.go:551.3,553.7 3 0
github.com/Shahlojon/wallet/pkg/wallet/service.go:566.3,571.36 4 0
github.com/Shahlojon/wallet/pkg/wallet/service.go:545.15,546.48 1 0
github.com/Shahlojon/wallet/pkg/wallet/service.go:546.48,548.5 1 0
github.com/Shahlojon/wallet/pkg/wallet/service.go:553.7,555.21 2 0
github.com/Shahlojon/wallet/pkg/wallet/service.go:559.4,559.16 1 0
github.com/Shahlojon/wallet/pkg/wallet/service.go:563.4,563.65 1 0
github.com/Shahlojon/wallet/pkg/wallet/service.go:555.21,556.10 1 0
github.com/Shahlojon/wallet/pkg/wallet/service.go:559.16,562.5 2 0
github.com/Shahlojon/wallet/pkg/wallet/service.go:571.36,577.16 4 0
github.com/Shahlojon/wallet/pkg/wallet/service.go:581.4,582.16 2 0
github.com/Shahlojon/wallet/pkg/wallet/service.go:585.4,596.47 4 0
github.com/Shahlojon/wallet/pkg/wallet/service.go:577.16,579.5 1 0
github.com/Shahlojon/wallet/pkg/wallet/service.go:582.16,584.5 1 0
github.com/Shahlojon/wallet/pkg/wallet/service.go:605.16,609.3 2 1
github.com/Shahlojon/wallet/pkg/wallet/service.go:610.25,611.15 1 0
github.com/Shahlojon/wallet/pkg/wallet/service.go:617.3,619.7 3 0
github.com/Shahlojon/wallet/pkg/wallet/service.go:632.3,637.38 4 0
github.com/Shahlojon/wallet/pkg/wallet/service.go:611.15,612.49 1 0
github.com/Shahlojon/wallet/pkg/wallet/service.go:612.49,614.5 1 0
github.com/Shahlojon/wallet/pkg/wallet/service.go:619.7,621.21 2 0
github.com/Shahlojon/wallet/pkg/wallet/service.go:625.4,625.16 1 0
github.com/Shahlojon/wallet/pkg/wallet/service.go:629.4,629.68 1 0
github.com/Shahlojon/wallet/pkg/wallet/service.go:621.21,622.10 1 0
github.com/Shahlojon/wallet/pkg/wallet/service.go:625.16,628.5 2 0
github.com/Shahlojon/wallet/pkg/wallet/service.go:637.38,642.16 4 0
github.com/Shahlojon/wallet/pkg/wallet/service.go:645.4,648.16 3 0
github.com/Shahlojon/wallet/pkg/wallet/service.go:651.4,661.50 3 0
github.com/Shahlojon/wallet/pkg/wallet/service.go:642.16,644.5 1 0
github.com/Shahlojon/wallet/pkg/wallet/service.go:648.16,650.5 1 0
github.com/Shahlojon/wallet/pkg/wallet/service.go:670.81,673.37 2 1
github.com/Shahlojon/wallet/pkg/wallet/service.go:678.2,678.25 1 1
github.com/Shahlojon/wallet/pkg/wallet/service.go:681.2,681.26 1 1
github.com/Shahlojon/wallet/pkg/wallet/service.go:673.37,674.37 1 1
github.com/Shahlojon/wallet/pkg/wallet/service.go:674.37,676.4 1 1
github.com/Shahlojon/wallet/pkg/wallet/service.go:678.25,680.3 1 0
github.com/Shahlojon/wallet/pkg/wallet/service.go:685.91,686.23 1 1
github.com/Shahlojon/wallet/pkg/wallet/service.go:739.2,739.12 1 1
github.com/Shahlojon/wallet/pkg/wallet/service.go:686.23,687.31 1 1
github.com/Shahlojon/wallet/pkg/wallet/service.go:687.31,689.16 2 0
github.com/Shahlojon/wallet/pkg/wallet/service.go:695.4,696.37 2 0
github.com/Shahlojon/wallet/pkg/wallet/service.go:710.4,711.16 2 0
github.com/Shahlojon/wallet/pkg/wallet/service.go:689.16,690.42 1 0
github.com/Shahlojon/wallet/pkg/wallet/service.go:690.42,692.6 1 0
github.com/Shahlojon/wallet/pkg/wallet/service.go:696.37,709.5 10 0
github.com/Shahlojon/wallet/pkg/wallet/service.go:711.16,713.5 1 0
github.com/Shahlojon/wallet/pkg/wallet/service.go:714.8,719.37 5 1
github.com/Shahlojon/wallet/pkg/wallet/service.go:719.37,720.12 1 1
github.com/Shahlojon/wallet/pkg/wallet/service.go:723.5,726.17 4 1
github.com/Shahlojon/wallet/pkg/wallet/service.go:729.5,729.20 1 1
github.com/Shahlojon/wallet/pkg/wallet/service.go:720.12,722.6 1 1
github.com/Shahlojon/wallet/pkg/wallet/service.go:726.17,728.6 1 1
github.com/Shahlojon/wallet/pkg/wallet/service.go:729.20,735.6 5 1
github.com/Shahlojon/wallet/pkg/wallet/service.go:823.59,829.21 6 0
github.com/Shahlojon/wallet/pkg/wallet/service.go:834.2,834.35 1 0
github.com/Shahlojon/wallet/pkg/wallet/service.go:850.2,851.12 2 0
github.com/Shahlojon/wallet/pkg/wallet/service.go:863.2,864.25 2 0
github.com/Shahlojon/wallet/pkg/wallet/service.go:829.21,831.3 1 0
github.com/Shahlojon/wallet/pkg/wallet/service.go:831.8,833.3 1 0
github.com/Shahlojon/wallet/pkg/wallet/service.go:834.35,836.22 2 0
github.com/Shahlojon/wallet/pkg/wallet/service.go:836.22,840.37 4 0
github.com/Shahlojon/wallet/pkg/wallet/service.go:843.4,846.15 4 0
github.com/Shahlojon/wallet/pkg/wallet/service.go:840.37,842.5 1 0
github.com/Shahlojon/wallet/pkg/wallet/service.go:851.12,855.36 4 0
github.com/Shahlojon/wallet/pkg/wallet/service.go:858.3,860.14 3 0
github.com/Shahlojon/wallet/pkg/wallet/service.go:855.36,857.4 1 0
github.com/Shahlojon/wallet/pkg/wallet/service.go:868.106,869.20 1 0
github.com/Shahlojon/wallet/pkg/wallet/service.go:880.2,884.34 5 0
github.com/Shahlojon/wallet/pkg/wallet/service.go:900.2,901.12 2 0
github.com/Shahlojon/wallet/pkg/wallet/service.go:913.2,914.23 2 0
github.com/Shahlojon/wallet/pkg/wallet/service.go:917.2,917.8 1 0
github.com/Shahlojon/wallet/pkg/wallet/service.go:869.20,870.36 1 0
github.com/Shahlojon/wallet/pkg/wallet/service.go:875.3,875.24 1 0
github.com/Shahlojon/wallet/pkg/wallet/service.go:878.3,878.9 1 0
github.com/Shahlojon/wallet/pkg/wallet/service.go:870.36,871.36 1 0
github.com/Shahlojon/wallet/pkg/wallet/service.go:871.36,873.5 1 0
github.com/Shahlojon/wallet/pkg/wallet/service.go:875.24,877.4 1 0
github.com/Shahlojon/wallet/pkg/wallet/service.go:884.34,887.20 3 0
github.com/Shahlojon/wallet/pkg/wallet/service.go:887.20,890.54 3 0
github.com/Shahlojon/wallet/pkg/wallet/service.go:895.4,897.18 3 0
github.com/Shahlojon/wallet/pkg/wallet/service.go:890.54,891.37 1 0
github.com/Shahlojon/wallet/pkg/wallet/service.go:891.37,893.6 1 0
github.com/Shahlojon/wallet/pkg/wallet/service.go:901.12,904.42 3 0
github.com/Shahlojon/wallet/pkg/wallet/service.go:909.3,911.17 3 0
github.com/Shahlojon/wallet/pkg/wallet/service.go:904.42,905.36 1 0
github.com/Shahlojon/wallet/pkg/wallet/service.go:905.36,907.5 1 0
github.com/Shahlojon/wallet/pkg/wallet/service.go:914.23,916.3 1 0
